<?xml version="1.0" encoding="UTF-8"?>
<!-- Generated by org.testng.reporters.JUnitReportReporter -->
<testsuite skipped="0" hostname="Ritas-MacBook-Pro-2017.local" name="Imgur_TestCases.Post_Page" tests="1" failures="0" timestamp="02 Jan 2018 08:14:27 GMT" time="24.767" errors="0">
  <testcase name="PostPage" time="24.767" classname="Imgur_TestCases.Post_Page"/>
</testsuite> <!-- Imgur_TestCases.Post_Page -->
