<?xml version="1.0" encoding="UTF-8"?>
<!-- Generated by org.testng.reporters.JUnitReportReporter -->
<testsuite skipped="0" hostname="Ritas-MBP-2017" name="com_Imgur.Post_Page" tests="1" failures="0" timestamp="01 Jan 2018 21:40:22 GMT" time="23.832" errors="0">
  <testcase name="PostPage" time="23.832" classname="com_Imgur.Post_Page"/>
</testsuite> <!-- com_Imgur.Post_Page -->
