<?xml version="1.0" encoding="UTF-8"?>
<!-- Generated by org.testng.reporters.JUnitReportReporter -->
<testsuite skipped="0" hostname="Ritas-MBP-2017" name="com_Imgur.Imgur_Login" tests="1" failures="0" timestamp="01 Jan 2018 21:40:22 GMT" time="18.391" errors="0">
  <testcase name="LoginTest" time="18.391" classname="com_Imgur.Imgur_Login"/>
</testsuite> <!-- com_Imgur.Imgur_Login -->
