<?xml version="1.0" encoding="UTF-8"?>
<!-- Generated by org.testng.reporters.JUnitReportReporter -->
<testsuite skipped="0" hostname="Ritas-MBP-2017" name="com_Imgur.HomePage_Gallery" tests="1" failures="0" timestamp="01 Jan 2018 21:40:22 GMT" time="19.551" errors="0">
  <testcase name="Homepage" time="19.551" classname="com_Imgur.HomePage_Gallery"/>
</testsuite> <!-- com_Imgur.HomePage_Gallery -->
